running egg_info
creating build/mypkg/mypkg.egg-info
writing build/mypkg/mypkg.egg-info/PKG-INFO
writing dependency_links to build/mypkg/mypkg.egg-info/dependency_links.txt
writing entry points to build/mypkg/mypkg.egg-info/entry_points.txt
writing requirements to build/mypkg/mypkg.egg-info/requires.txt
writing top-level names to build/mypkg/mypkg.egg-info/top_level.txt
writing manifest file 'build/mypkg/mypkg.egg-info/SOURCES.txt'
reading manifest file 'build/mypkg/mypkg.egg-info/SOURCES.txt'
adding license file 'LICENSE'
writing manifest file 'build/mypkg/mypkg.egg-info/SOURCES.txt'
running build
running build_py
creating /home/tatsunori/robosys2025-ROS2-/build/mypkg/build
creating /home/tatsunori/robosys2025-ROS2-/build/mypkg/build/lib
creating /home/tatsunori/robosys2025-ROS2-/build/mypkg/build/lib/mypkg
copying mypkg/topic_watchdog.py -> /home/tatsunori/robosys2025-ROS2-/build/mypkg/build/lib/mypkg
copying mypkg/__init__.py -> /home/tatsunori/robosys2025-ROS2-/build/mypkg/build/lib/mypkg
running install
running install_lib
creating /home/tatsunori/robosys2025-ROS2-/install/mypkg/lib/python3.12/site-packages/mypkg
copying /home/tatsunori/robosys2025-ROS2-/build/mypkg/build/lib/mypkg/topic_watchdog.py -> /home/tatsunori/robosys2025-ROS2-/install/mypkg/lib/python3.12/site-packages/mypkg
copying /home/tatsunori/robosys2025-ROS2-/build/mypkg/build/lib/mypkg/__init__.py -> /home/tatsunori/robosys2025-ROS2-/install/mypkg/lib/python3.12/site-packages/mypkg
byte-compiling /home/tatsunori/robosys2025-ROS2-/install/mypkg/lib/python3.12/site-packages/mypkg/topic_watchdog.py to topic_watchdog.cpython-312.pyc
byte-compiling /home/tatsunori/robosys2025-ROS2-/install/mypkg/lib/python3.12/site-packages/mypkg/__init__.py to __init__.cpython-312.pyc
running install_data
creating /home/tatsunori/robosys2025-ROS2-/install/mypkg/share/ament_index
creating /home/tatsunori/robosys2025-ROS2-/install/mypkg/share/ament_index/resource_index
creating /home/tatsunori/robosys2025-ROS2-/install/mypkg/share/ament_index/resource_index/packages
copying resource/mypkg -> /home/tatsunori/robosys2025-ROS2-/install/mypkg/share/ament_index/resource_index/packages
copying package.xml -> /home/tatsunori/robosys2025-ROS2-/install/mypkg/share/mypkg
copying launch/topic_watchdog.launch.py -> /home/tatsunori/robosys2025-ROS2-/install/mypkg/share/mypkg
running install_egg_info
Copying build/mypkg/mypkg.egg-info to /home/tatsunori/robosys2025-ROS2-/install/mypkg/lib/python3.12/site-packages/mypkg-0.0.0-py3.12.egg-info
running install_scripts
Installing topic_watchdog script to /home/tatsunori/robosys2025-ROS2-/install/mypkg/lib/mypkg
writing list of installed files to '/home/tatsunori/robosys2025-ROS2-/build/mypkg/install.log'
