[0.872s] Invoking command in '/home/tatsunori/robosys2025-ROS2-': CONDA_PROMPT_MODIFIER=(base) PYTHONPATH=/home/tatsunori/robosys2025-ROS2-/build/mypkg/prefix_override:/usr/lib/python3/dist-packages/colcon_core/task/python/colcon_distutils_commands:/home/tatsunori/robosys2025-ROS2-/install/mypkg/lib/python3.12/site-packages:${PYTHONPATH} /usr/bin/python3 -W ignore:setup.py install is deprecated -W ignore:easy_install command is deprecated setup.py egg_info --egg-base build/mypkg build --build-base /home/tatsunori/robosys2025-ROS2-/build/mypkg/build install --record /home/tatsunori/robosys2025-ROS2-/build/mypkg/install.log --single-version-externally-managed install_data
[1.148s] running egg_info
[1.166s] writing build/mypkg/mypkg.egg-info/PKG-INFO
[1.168s] writing dependency_links to build/mypkg/mypkg.egg-info/dependency_links.txt
[1.168s] writing entry points to build/mypkg/mypkg.egg-info/entry_points.txt
[1.169s] writing requirements to build/mypkg/mypkg.egg-info/requires.txt
[1.170s] writing top-level names to build/mypkg/mypkg.egg-info/top_level.txt
[1.206s] reading manifest file 'build/mypkg/mypkg.egg-info/SOURCES.txt'
[1.207s] adding license file 'LICENSE'
[1.208s] writing manifest file 'build/mypkg/mypkg.egg-info/SOURCES.txt'
[1.208s] running build
[1.209s] running build_py
[1.209s] copying mypkg/talker.py -> /home/tatsunori/robosys2025-ROS2-/build/mypkg/build/lib/mypkg
[1.209s] running install
[1.217s] running install_lib
[1.234s] copying /home/tatsunori/robosys2025-ROS2-/build/mypkg/build/lib/mypkg/talker.py -> /home/tatsunori/robosys2025-ROS2-/install/mypkg/lib/python3.12/site-packages/mypkg
[1.235s] byte-compiling /home/tatsunori/robosys2025-ROS2-/install/mypkg/lib/python3.12/site-packages/mypkg/talker.py to talker.cpython-312.pyc
[1.236s] running install_data
[1.236s] running install_egg_info
[1.255s] removing '/home/tatsunori/robosys2025-ROS2-/install/mypkg/lib/python3.12/site-packages/mypkg-0.0.0-py3.12.egg-info' (and everything under it)
[1.256s] Copying build/mypkg/mypkg.egg-info to /home/tatsunori/robosys2025-ROS2-/install/mypkg/lib/python3.12/site-packages/mypkg-0.0.0-py3.12.egg-info
[1.257s] running install_scripts
[1.392s] Installing talker script to /home/tatsunori/robosys2025-ROS2-/install/mypkg/lib/mypkg
[1.393s] writing list of installed files to '/home/tatsunori/robosys2025-ROS2-/build/mypkg/install.log'
[1.423s] Invoked command in '/home/tatsunori/robosys2025-ROS2-' returned '0': CONDA_PROMPT_MODIFIER=(base) PYTHONPATH=/home/tatsunori/robosys2025-ROS2-/build/mypkg/prefix_override:/usr/lib/python3/dist-packages/colcon_core/task/python/colcon_distutils_commands:/home/tatsunori/robosys2025-ROS2-/install/mypkg/lib/python3.12/site-packages:${PYTHONPATH} /usr/bin/python3 -W ignore:setup.py install is deprecated -W ignore:easy_install command is deprecated setup.py egg_info --egg-base build/mypkg build --build-base /home/tatsunori/robosys2025-ROS2-/build/mypkg/build install --record /home/tatsunori/robosys2025-ROS2-/build/mypkg/install.log --single-version-externally-managed install_data
