[0.793s] Invoking command in '/home/tatsunori/robosys2025-ROS2-': CONDA_PROMPT_MODIFIER=(base) PYTHONPATH=/home/tatsunori/robosys2025-ROS2-/build/mypkg/prefix_override:/usr/lib/python3/dist-packages/colcon_core/task/python/colcon_distutils_commands:/home/tatsunori/robosys2025-ROS2-/install/mypkg/lib/python3.12/site-packages:${PYTHONPATH} /usr/bin/python3 -W ignore:setup.py install is deprecated -W ignore:easy_install command is deprecated setup.py egg_info --egg-base build/mypkg build --build-base /home/tatsunori/robosys2025-ROS2-/build/mypkg/build install --record /home/tatsunori/robosys2025-ROS2-/build/mypkg/install.log --single-version-externally-managed install_data
[1.076s] running egg_info
[1.092s] writing build/mypkg/mypkg.egg-info/PKG-INFO
[1.093s] writing dependency_links to build/mypkg/mypkg.egg-info/dependency_links.txt
[1.093s] writing entry points to build/mypkg/mypkg.egg-info/entry_points.txt
[1.094s] writing requirements to build/mypkg/mypkg.egg-info/requires.txt
[1.094s] writing top-level names to build/mypkg/mypkg.egg-info/top_level.txt
[1.130s] reading manifest file 'build/mypkg/mypkg.egg-info/SOURCES.txt'
[1.130s] adding license file 'LICENSE'
[1.131s] writing manifest file 'build/mypkg/mypkg.egg-info/SOURCES.txt'
[1.131s] running build
[1.132s] running build_py
[1.132s] running install
[1.139s] running install_lib
[1.156s] running install_data
[1.156s] running install_egg_info
[1.174s] removing '/home/tatsunori/robosys2025-ROS2-/install/mypkg/lib/python3.12/site-packages/mypkg-0.0.0-py3.12.egg-info' (and everything under it)
[1.175s] Copying build/mypkg/mypkg.egg-info to /home/tatsunori/robosys2025-ROS2-/install/mypkg/lib/python3.12/site-packages/mypkg-0.0.0-py3.12.egg-info
[1.176s] running install_scripts
[1.297s] Installing talker script to /home/tatsunori/robosys2025-ROS2-/install/mypkg/lib/mypkg
[1.299s] writing list of installed files to '/home/tatsunori/robosys2025-ROS2-/build/mypkg/install.log'
[1.328s] Invoked command in '/home/tatsunori/robosys2025-ROS2-' returned '0': CONDA_PROMPT_MODIFIER=(base) PYTHONPATH=/home/tatsunori/robosys2025-ROS2-/build/mypkg/prefix_override:/usr/lib/python3/dist-packages/colcon_core/task/python/colcon_distutils_commands:/home/tatsunori/robosys2025-ROS2-/install/mypkg/lib/python3.12/site-packages:${PYTHONPATH} /usr/bin/python3 -W ignore:setup.py install is deprecated -W ignore:easy_install command is deprecated setup.py egg_info --egg-base build/mypkg build --build-base /home/tatsunori/robosys2025-ROS2-/build/mypkg/build install --record /home/tatsunori/robosys2025-ROS2-/build/mypkg/install.log --single-version-externally-managed install_data
